{"level":"fatal","time":"2026-06-02T16:02:30.287+0800","caller":"server/main.go:57","msg":"Failed to initialize database: failed to connect database: Error 1045 (28000): Access denied for user 'root'@'localhost' (using password: YES)"}
{"level":"info","time":"2026-06-02T16:11:19.504+0800","caller":"server/main.go:74","msg":"Starting server on port 8080"}
{"level":"info","time":"2026-06-02T16:17:30.730+0800","caller":"server/main.go:74","msg":"Starting server on port 8080"}
{"level":"fatal","time":"2026-06-02T16:17:30.731+0800","caller":"server/main.go:76","msg":"Failed to start server: listen tcp :8080: bind: address already in use"}
{"level":"info","time":"2026-06-02T16:22:12.666+0800","caller":"server/main.go:74","msg":"Starting server on port 8080"}
{"level":"fatal","time":"2026-06-02T16:22:12.666+0800","caller":"server/main.go:76","msg":"Failed to start server: listen tcp :8080: bind: address already in use"}
{"level":"info","time":"2026-06-02T16:24:53.286+0800","caller":"server/main.go:74","msg":"Starting server on port 8080"}
{"level":"info","time":"2026-06-02T16:26:57.023+0800","caller":"server/main.go:74","msg":"Starting server on port 8080"}
{"level":"fatal","time":"2026-06-02T16:26:57.023+0800","caller":"server/main.go:76","msg":"Failed to start server: listen tcp :8080: bind: address already in use"}
{"level":"info","time":"2026-06-02T16:27:27.080+0800","caller":"server/main.go:74","msg":"Starting server on port 8080"}
{"level":"info","time":"2026-06-02T17:07:45.603+0800","caller":"server/main.go:74","msg":"Starting server on port 8080"}
{"level":"info","time":"2026-06-02T17:50:07.342+0800","caller":"server/main.go:74","msg":"Starting server on port 8080"}
{"level":"info","time":"2026-06-02T17:51:57.948+0800","caller":"server/main.go:74","msg":"Starting server on port 8080"}
{"level":"info","time":"2026-06-02T19:10:21.449+0800","caller":"server/main.go:74","msg":"Starting server on port 8080"}
{"level":"info","time":"2026-06-02T19:24:59.772+0800","caller":"server/main.go:74","msg":"Starting server on port 8080"}
{"level":"info","time":"2026-06-02T21:56:17.086+0800","caller":"server/main.go:74","msg":"Starting server on port 8080"}
{"level":"info","time":"2026-06-02T22:09:33.788+0800","caller":"server/main.go:74","msg":"Starting server on port 8080"}
{"level":"info","time":"2026-06-02T23:11:48.661+0800","caller":"server/main.go:74","msg":"Starting server on port 8080"}
{"level":"info","time":"2026-06-03T10:57:12.692+0800","caller":"server/main.go:74","msg":"Starting server on port 8080"}
{"level":"fatal","time":"2026-06-03T10:57:12.693+0800","caller":"server/main.go:76","msg":"Failed to start server: listen tcp :8080: bind: address already in use"}
{"level":"info","time":"2026-06-03T11:04:57.145+0800","caller":"server/main.go:74","msg":"Starting server on port 8080"}
{"level":"fatal","time":"2026-06-03T11:04:57.146+0800","caller":"server/main.go:76","msg":"Failed to start server: listen tcp :8080: bind: address already in use"}
{"level":"info","time":"2026-06-03T11:08:29.929+0800","caller":"server/main.go:74","msg":"Starting server on port 8080"}
{"level":"info","time":"2026-06-03T11:10:11.000+0800","caller":"server/main.go:74","msg":"Starting server on port 8080"}
{"level":"fatal","time":"2026-06-03T11:10:11.000+0800","caller":"server/main.go:76","msg":"Failed to start server: listen tcp :8080: bind: address already in use"}
{"level":"info","time":"2026-06-03T11:10:42.019+0800","caller":"server/main.go:74","msg":"Starting server on port 8080"}
{"level":"info","time":"2026-06-03T11:13:14.473+0800","caller":"server/main.go:74","msg":"Starting server on port 8080"}
{"level":"fatal","time":"2026-06-03T11:13:14.474+0800","caller":"server/main.go:76","msg":"Failed to start server: listen tcp :8080: bind: address already in use"}
{"level":"info","time":"2026-06-03T11:18:46.055+0800","caller":"server/main.go:74","msg":"Starting server on port 8080"}
{"level":"info","time":"2026-06-03T11:43:58.253+0800","caller":"server/main.go:85","msg":"Shutting down server..."}
{"level":"info","time":"2026-06-03T11:43:58.261+0800","caller":"server/main.go:95","msg":"Server exited"}
{"level":"info","time":"2026-06-03T11:44:04.312+0800","caller":"server/main.go:74","msg":"Starting server on port 8080"}
{"level":"info","time":"2026-06-03T14:44:38.179+0800","caller":"server/main.go:85","msg":"Shutting down server..."}
{"level":"info","time":"2026-06-03T14:44:38.188+0800","caller":"server/main.go:95","msg":"Server exited"}
{"level":"info","time":"2026-06-03T14:49:13.203+0800","caller":"server/main.go:74","msg":"Starting server on port 8080"}
{"level":"info","time":"2026-06-03T14:57:26.067+0800","caller":"server/main.go:85","msg":"Shutting down server..."}
{"level":"info","time":"2026-06-03T14:57:26.069+0800","caller":"server/main.go:95","msg":"Server exited"}
{"level":"info","time":"2026-06-03T14:57:29.746+0800","caller":"server/main.go:74","msg":"Starting server on port 8080"}
{"level":"info","time":"2026-06-03T15:00:26.531+0800","caller":"server/main.go:74","msg":"Starting server on port 8080"}
{"level":"fatal","time":"2026-06-03T15:00:26.531+0800","caller":"server/main.go:76","msg":"Failed to start server: listen tcp :8080: bind: address already in use"}
{"level":"info","time":"2026-06-03T15:03:00.971+0800","caller":"server/main.go:74","msg":"Starting server on port 8080"}
{"level":"fatal","time":"2026-06-03T15:03:00.971+0800","caller":"server/main.go:76","msg":"Failed to start server: listen tcp :8080: bind: address already in use"}
{"level":"info","time":"2026-06-03T16:48:25.025+0800","caller":"server/main.go:74","msg":"Starting server on port 8080"}
{"level":"fatal","time":"2026-06-03T16:48:25.026+0800","caller":"server/main.go:76","msg":"Failed to start server: listen tcp :8080: bind: address already in use"}
{"level":"info","time":"2026-06-03T16:49:04.511+0800","caller":"server/main.go:74","msg":"Starting server on port 8080"}
{"level":"fatal","time":"2026-06-03T16:49:04.511+0800","caller":"server/main.go:76","msg":"Failed to start server: listen tcp :8080: bind: address already in use"}
{"level":"info","time":"2026-06-03T17:45:32.982+0800","caller":"server/main.go:74","msg":"Starting server on port 8080"}
{"level":"fatal","time":"2026-06-03T17:45:32.982+0800","caller":"server/main.go:76","msg":"Failed to start server: listen tcp :8080: bind: address already in use"}
{"level":"info","time":"2026-06-03T17:46:31.035+0800","caller":"server/main.go:74","msg":"Starting server on port 8080"}
{"level":"fatal","time":"2026-06-03T17:46:31.036+0800","caller":"server/main.go:76","msg":"Failed to start server: listen tcp :8080: bind: address already in use"}
{"level":"info","time":"2026-06-03T17:46:49.458+0800","caller":"server/main.go:74","msg":"Starting server on port 8080"}
{"level":"info","time":"2026-06-03T19:00:14.930+0800","caller":"server/main.go:74","msg":"Starting server on port 8080"}
{"level":"info","time":"2026-06-03T19:19:49.790+0800","caller":"server/main.go:74","msg":"Starting server on port 8080"}
{"level":"info","time":"2026-06-03T20:03:44.341+0800","caller":"server/main.go:74","msg":"Starting server on port 8080"}
{"level":"fatal","time":"2026-06-03T20:03:44.342+0800","caller":"server/main.go:76","msg":"Failed to start server: listen tcp :8080: bind: address already in use"}
{"level":"info","time":"2026-06-03T20:04:42.522+0800","caller":"server/main.go:74","msg":"Starting server on port 8080"}
{"level":"info","time":"2026-06-03T20:38:17.828+0800","caller":"server/main.go:85","msg":"Shutting down server..."}
{"level":"info","time":"2026-06-03T20:38:17.835+0800","caller":"server/main.go:95","msg":"Server exited"}
{"level":"info","time":"2026-06-03T20:42:36.483+0800","caller":"server/main.go:74","msg":"Starting server on port 8080"}
{"level":"info","time":"2026-06-03T23:47:44.607+0800","caller":"server/main.go:74","msg":"Starting server on port 8080"}
{"level":"info","time":"2026-06-03T23:55:13.546+0800","caller":"server/main.go:85","msg":"Shutting down server..."}
{"level":"info","time":"2026-06-03T23:55:13.548+0800","caller":"server/main.go:95","msg":"Server exited"}
{"level":"info","time":"2026-06-04T11:47:48.227+0800","caller":"server/main.go:74","msg":"Starting server on port 8080"}
{"level":"info","time":"2026-06-04T16:47:05.886+0800","caller":"server/main.go:85","msg":"Shutting down server..."}
{"level":"info","time":"2026-06-04T16:47:05.897+0800","caller":"server/main.go:95","msg":"Server exited"}
{"level":"info","time":"2026-06-04T16:47:12.703+0800","caller":"server/main.go:74","msg":"Starting server on port 8080"}
{"level":"info","time":"2026-06-04T17:00:13.504+0800","caller":"server/main.go:85","msg":"Shutting down server..."}
{"level":"info","time":"2026-06-04T17:00:13.507+0800","caller":"server/main.go:95","msg":"Server exited"}
{"level":"info","time":"2026-06-04T17:03:56.596+0800","caller":"server/main.go:74","msg":"Starting server on port 8080"}
{"level":"info","time":"2026-06-04T19:46:47.244+0800","caller":"server/main.go:74","msg":"Starting server on port 8080"}
{"level":"fatal","time":"2026-06-04T19:46:47.245+0800","caller":"server/main.go:76","msg":"Failed to start server: listen tcp :8080: bind: address already in use"}
{"level":"info","time":"2026-06-04T19:48:49.116+0800","caller":"server/main.go:74","msg":"Starting server on port 8080"}
{"level":"info","time":"2026-06-04T20:12:41.203+0800","caller":"server/main.go:85","msg":"Shutting down server..."}
{"level":"info","time":"2026-06-04T20:12:41.210+0800","caller":"server/main.go:95","msg":"Server exited"}
{"level":"info","time":"2026-06-04T20:19:33.862+0800","caller":"server/main.go:74","msg":"Starting server on port 8080"}
{"level":"info","time":"2026-06-04T21:09:22.207+0800","caller":"server/main.go:85","msg":"Shutting down server..."}
{"level":"info","time":"2026-06-04T21:09:22.215+0800","caller":"server/main.go:95","msg":"Server exited"}
{"level":"info","time":"2026-06-04T21:09:27.335+0800","caller":"server/main.go:74","msg":"Starting server on port 8080"}
{"level":"info","time":"2026-06-04T21:42:43.077+0800","caller":"server/main.go:85","msg":"Shutting down server..."}
{"level":"info","time":"2026-06-04T21:42:43.086+0800","caller":"server/main.go:95","msg":"Server exited"}
{"level":"info","time":"2026-06-04T21:42:48.085+0800","caller":"server/main.go:74","msg":"Starting server on port 8080"}
{"level":"info","time":"2026-06-04T21:42:49.621+0800","caller":"server/main.go:85","msg":"Shutting down server..."}
{"level":"info","time":"2026-06-04T21:42:49.622+0800","caller":"server/main.go:95","msg":"Server exited"}
{"level":"info","time":"2026-06-04T21:43:10.806+0800","caller":"server/main.go:74","msg":"Starting server on port 8080"}
{"level":"info","time":"2026-06-04T21:53:09.529+0800","caller":"server/main.go:85","msg":"Shutting down server..."}
{"level":"info","time":"2026-06-04T21:53:09.532+0800","caller":"server/main.go:95","msg":"Server exited"}
{"level":"info","time":"2026-06-04T21:53:21.375+0800","caller":"server/main.go:74","msg":"Starting server on port 8080"}
{"level":"info","time":"2026-06-04T22:02:15.085+0800","caller":"server/main.go:85","msg":"Shutting down server..."}
{"level":"info","time":"2026-06-04T22:02:15.088+0800","caller":"server/main.go:95","msg":"Server exited"}
{"level":"info","time":"2026-06-04T22:02:20.179+0800","caller":"server/main.go:74","msg":"Starting server on port 8080"}
{"level":"info","time":"2026-06-04T22:09:32.970+0800","caller":"server/main.go:85","msg":"Shutting down server..."}
{"level":"info","time":"2026-06-04T22:09:32.972+0800","caller":"server/main.go:95","msg":"Server exited"}
{"level":"info","time":"2026-06-04T22:09:37.939+0800","caller":"server/main.go:74","msg":"Starting server on port 8080"}
{"level":"info","time":"2026-06-04T22:10:27.065+0800","caller":"server/main.go:85","msg":"Shutting down server..."}
{"level":"info","time":"2026-06-04T22:10:27.066+0800","caller":"server/main.go:95","msg":"Server exited"}
{"level":"info","time":"2026-06-05T16:08:24.012+0800","caller":"server/main.go:74","msg":"Starting server on port 8080"}
{"level":"info","time":"2026-06-07T23:16:30.263+0800","caller":"server/main.go:85","msg":"Shutting down server..."}
{"level":"info","time":"2026-06-07T23:16:30.273+0800","caller":"server/main.go:95","msg":"Server exited"}
{"level":"warn","time":"2026-06-08T11:10:05.272+0800","caller":"server/main.go:65","msg":"Redis cache initialization failed (running without cache): failed to connect to Redis: dial tcp 127.0.0.1:6379: connect: connection refused"}
{"level":"warn","time":"2026-06-08T11:11:02.027+0800","caller":"server/main.go:65","msg":"Redis cache initialization failed (running without cache): failed to connect to Redis: dial tcp 127.0.0.1:6379: connect: connection refused"}
{"level":"info","time":"2026-06-08T11:11:02.103+0800","caller":"server/main.go:91","msg":"Starting server on port 8080"}
{"level":"info","time":"2026-06-08T11:23:35.829+0800","caller":"server/main.go:102","msg":"Shutting down server..."}
{"level":"warn","time":"2026-06-08T11:24:34.055+0800","caller":"server/main.go:65","msg":"Redis cache initialization failed (running without cache): failed to connect to Redis: dial tcp 127.0.0.1:6379: connect: connection refused"}
{"level":"info","time":"2026-06-08T11:24:34.132+0800","caller":"server/main.go:91","msg":"Starting server on port 8080"}
{"level":"info","time":"2026-06-08T11:25:41.079+0800","caller":"server/main.go:102","msg":"Shutting down server..."}
{"level":"info","time":"2026-06-08T11:25:41.080+0800","caller":"server/main.go:112","msg":"Server exited"}
